<?xml version="1.0" encoding="UTF-8"?>
<!-- Generated by org.testng.reporters.JUnitXMLReporter -->
<testsuite ignored="0" hostname="Nazish" failures="0" tests="7" name="Test" time="76.631" errors="0" timestamp="2026-09-22T11:53:01 IST">
  <testcase classname="testCases.TC_003LoginDDT" name="verify_loginDDT" time="5.581"/>
  <testcase classname="testCases.TC_003LoginDDT" name="verify_loginDDT" time="12.277"/>
  <testcase classname="testCases.TC_003LoginDDT" name="verify_loginDDT" time="12.005"/>
  <testcase classname="testCases.TC_003LoginDDT" name="verify_loginDDT" time="11.762"/>
  <testcase classname="testCases.TC_003LoginDDT" name="verify_loginDDT" time="3.083"/>
  <testcase classname="testCases.TC_LoginTest" name="verify_login" time="3.282"/>
  <testcase classname="testCases.TC_ContactForm" name="verify_Contact_form" time="2.55"/>
</testsuite> <!-- Test -->
