<?xml version="1.0" encoding="UTF-8"?>
<!-- Generated by org.testng.reporters.JUnitXMLReporter -->
<testsuite ignored="0" hostname="Nazish" failures="0" tests="2" name="firefoxtest" time="60.685" errors="0" timestamp="2026-09-21T15:54:27 IST">
  <testcase classname="testCases.TC_Account_page" name="myaccount" time="0.001">
    <skipped/>
  </testcase> <!-- myaccount -->
  <testcase classname="testCases.TC_LoginTest" name="verify_login" time="0.0">
    <skipped/>
  </testcase> <!-- verify_login -->
</testsuite> <!-- firefoxtest -->
