# JRE version: Java(TM) SE Runtime Environment (19.0.1+10) (build 19.0.1+10-21)
# Java VM: Java HotSpot(TM) 64-Bit Server VM (19.0.1+10-21, mixed mode, sharing, tiered, compressed oops, compressed class ptrs, g1 gc, windows-amd64)
GC Precious Log:
 CardTable entry size: 512
 Card Set container configuration: InlinePtr #cards 5 size 8 Array Of Cards #cards 12 size 40 Howl #buckets 4 coarsen threshold 1843 Howl Bitmap #cards 512 size 80 coarsen threshold 460 Card regions per heap region 1 cards per card region 2048
 CPUs: 12 total, 12 available
 Memory: 5989M
 Large Page Support: Disabled
 NUMA Support: Disabled
 Compressed Oops: Enabled (32-bit)
 Heap Region Size: 1M
 Heap Min Capacity: 8M
 Heap Initial Capacity: 94M
 Heap Max Capacity: 1498M
 Pre-touch: Disabled
 Parallel Workers: 10
 Concurrent Workers: 3
 Concurrent Refinement Workers: 10
 Periodic GC: Disabled
Heap:
 garbage-first heap   total 48128K, used 15476K [0x00000000a2600000, 0x0000000100000000)
  region size 1024K, 3 young (3072K), 3 survivors (3072K)
 Metaspace       used 29793K, committed 30272K, reserved 1114112K
  class space    used 3565K, committed 3776K, reserved 1048576K
GC Heap History (15 events):
Event: 1.472 GC heap before
{Heap before GC invocations=0 (full 0):
 garbage-first heap   total 96256K, used 23552K [0x00000000a2600000, 0x0000000100000000)
  region size 1024K, 23 young (23552K), 0 survivors (0K)
 Metaspace       used 5716K, committed 5888K, reserved 1114112K
  class space    used 618K, committed 704K, reserved 1048576K
}
Event: 1.483 GC heap after
{Heap after GC invocations=1 (full 0):
 garbage-first heap   total 96256K, used 7936K [0x00000000a2600000, 0x0000000100000000)
  region size 1024K, 3 young (3072K), 3 survivors (3072K)
 Metaspace       used 5716K, committed 5888K, reserved 1114112K
  class space    used 618K, committed 704K, reserved 1048576K
}
Event: 3.732 GC heap before
{Heap before GC invocations=1 (full 0):
 garbage-first heap   total 96256K, used 35584K [0x00000000a2600000, 0x0000000100000000)
  region size 1024K, 30 young (30720K), 3 survivors (3072K)
 Metaspace       used 14917K, committed 15296K, reserved 1114112K
  class space    used 1771K, committed 1984K, reserved 1048576K
}
Event: 3.745 GC heap after
{Heap after GC invocations=2 (full 0):
 garbage-first heap   total 96256K, used 10248K [0x00000000a2600000, 0x0000000100000000)
  region size 1024K, 3 young (3072K), 3 survivors (3072K)
 Metaspace       used 14917K, committed 15296K, reserved 1114112K
  class space    used 1771K, committed 1984K, reserved 1048576K
}
Event: 7.540 GC heap before
{Heap before GC invocations=2 (full 0):
 garbage-first heap   total 96256K, used 24584K [0x00000000a2600000, 0x0000000100000000)
  region size 1024K, 18 young (18432K), 3 survivors (3072K)
 Metaspace       used 21146K, committed 21504K, reserved 1114112K
  class space    used 2504K, committed 2688K, reserved 1048576K
}
Event: 7.555 GC heap after
{Heap after GC invocations=3 (full 0):
 garbage-first heap   total 96256K, used 12160K [0x00000000a2600000, 0x0000000100000000)
  region size 1024K, 5 young (5120K), 5 survivors (5120K)
 Metaspace       used 21146K, committed 21504K, reserved 1114112K
  class space    used 2504K, committed 2688K, reserved 1048576K
}
Event: 11.122 GC heap before
{Heap before GC invocations=4 (full 0):
 garbage-first heap   total 48128K, used 35712K [0x00000000a2600000, 0x0000000100000000)
  region size 1024K, 28 young (28672K), 5 survivors (5120K)
 Metaspace       used 26894K, committed 27328K, reserved 1114112K
  class space    used 3214K, committed 3392K, reserved 1048576K
}
Event: 11.142 GC heap after
{Heap after GC invocations=5 (full 0):
 garbage-first heap   total 48128K, used 13396K [0x00000000a2600000, 0x0000000100000000)
  region size 1024K, 2 young (2048K), 2 survivors (2048K)
 Metaspace       used 26894K, committed 27328K, reserved 1114112K
  class space    used 3214K, committed 3392K, reserved 1048576K
}
Event: 11.158 GC heap before
{Heap before GC invocations=5 (full 0):
 garbage-first heap   total 48128K, used 14420K [0x00000000a2600000, 0x0000000100000000)
  region size 1024K, 3 young (3072K), 2 survivors (2048K)
 Metaspace       used 26928K, committed 27392K, reserved 1114112K
  class space    used 3224K, committed 3456K, reserved 1048576K
}
Event: 11.163 GC heap after
{Heap after GC invocations=6 (full 0):
 garbage-first heap   total 48128K, used 13608K [0x00000000a2600000, 0x0000000100000000)
  region size 1024K, 1 young (1024K), 1 survivors (1024K)
 Metaspace       used 26928K, committed 27392K, reserved 1114112K
  class space    used 3224K, committed 3456K, reserved 1048576K
}
Event: 11.214 GC heap before
{Heap before GC invocations=6 (full 0):
 garbage-first heap   total 48128K, used 31016K [0x00000000a2600000, 0x0000000100000000)
  region size 1024K, 19 young (19456K), 1 survivors (1024K)
 Metaspace       used 26949K, committed 27456K, reserved 1114112K
  class space    used 3224K, committed 3456K, reserved 1048576K
}
Event: 11.217 GC heap after
{Heap after GC invocations=7 (full 0):
 garbage-first heap   total 48128K, used 13863K [0x00000000a2600000, 0x0000000100000000)
  region size 1024K, 1 young (1024K), 1 survivors (1024K)
 Metaspace       used 26949K, committed 27456K, reserved 1114112K
  class space    used 3224K, committed 3456K, reserved 1048576K
}
Event: 11.256 GC heap before
{Heap before GC invocations=7 (full 0):
 garbage-first heap   total 48128K, used 33319K [0x00000000a2600000, 0x0000000100000000)
  region size 1024K, 20 young (20480K), 1 survivors (1024K)
 Metaspace       used 26949K, committed 27456K, reserved 1114112K
  class space    used 3224K, committed 3456K, reserved 1048576K
}
Event: 11.261 GC heap after
{Heap after GC invocations=8 (full 0):
 garbage-first heap   total 48128K, used 14474K [0x00000000a2600000, 0x0000000100000000)
  region size 1024K, 2 young (2048K), 2 survivors (2048K)
 Metaspace       used 26949K, committed 27456K, reserved 1114112K
  class space    used 3224K, committed 3456K, reserved 1048576K
}
Event: 12.026 GC heap before
{Heap before GC invocations=8 (full 0):
 garbage-first heap   total 48128K, used 34954K [0x00000000a2600000, 0x0000000100000000)
  region size 1024K, 22 young (22528K), 2 survivors (2048K)
 Metaspace       used 29793K, committed 30272K, reserved 1114112K
  class space    used 3565K, committed 3776K, reserved 1048576K
}

