<?xml version="1.0" encoding="UTF-8"?>
<!-- Generated by org.testng.reporters.JUnitXMLReporter -->
<testsuite ignored="0" hostname="Nazish" failures="0" tests="7" name="Test" time="78.654" errors="0" timestamp="2026-09-22T11:26:18 IST">
  <testcase classname="testCases.TC_003LoginDDT" name="verify_loginDDT" time="5.094"/>
  <testcase classname="testCases.TC_003LoginDDT" name="verify_loginDDT" time="12.589"/>
  <testcase classname="testCases.TC_003LoginDDT" name="verify_loginDDT" time="11.036"/>
  <testcase classname="testCases.TC_003LoginDDT" name="verify_loginDDT" time="11.221"/>
  <testcase classname="testCases.TC_003LoginDDT" name="verify_loginDDT" time="2.883"/>
  <testcase classname="testCases.TC_LoginTest" name="verify_login" time="3.985"/>
  <testcase classname="testCases.TC_ContactForm" name="verify_Contact_form" time="2.824"/>
</testsuite> <!-- Test -->
