<?xml version="1.0" encoding="UTF-8"?>
<testng-results ignored="0" total="7" passed="7" failed="0" skipped="0">
  <reporter-output>
  </reporter-output>
  <suite started-at="2026-09-22T11:25:00 IST" name="Master Suite" finished-at="2026-09-22T11:26:18 IST" duration-ms="78654">
    <groups>
      <group name="Master">
        <method signature="TC_LoginTest.verify_login()[pri:0, instance:testCases.TC_LoginTest@4f9a2c08]" name="verify_login" class="testCases.TC_LoginTest"/>
      </group> <!-- Master -->
      <group name="Sanity">
        <method signature="TC_LoginTest.verify_login()[pri:0, instance:testCases.TC_LoginTest@4f9a2c08]" name="verify_login" class="testCases.TC_LoginTest"/>
      </group> <!-- Sanity -->
      <group name="Smoke">
        <method signature="TC_ContactForm.verify_Contact_form()[pri:0, instance:testCases.TC_ContactForm@a87f8ec]" name="verify_Contact_form" class="testCases.TC_ContactForm"/>
      </group> <!-- Smoke -->
    </groups>
    <test started-at="2026-09-22T11:25:00 IST" name="Test" finished-at="2026-09-22T11:26:18 IST" duration-ms="78654">
      <class name="testCases.TC_ContactForm">
        <test-method is-config="true" signature="setup(java.lang.String,java.lang.String)[pri:0, instance:testCases.TC_ContactForm@a87f8ec]" started-at="2026-09-22T11:26:11 IST" name="setup" finished-at="2026-09-22T11:26:15 IST" duration-ms="3628" status="PASS">
          <params>
            <param index="0">
              <value>
                <![CDATA[window]]>
              </value>
            </param>
            <param index="1">
              <value>
                <![CDATA[chrome]]>
              </value>
            </param>
          </params>
          <reporter-output>
          </reporter-output>
        </test-method> <!-- setup -->
        <test-method signature="verify_Contact_form()[pri:0, instance:testCases.TC_ContactForm@a87f8ec]" started-at="2026-09-22T11:26:15 IST" name="verify_Contact_form" finished-at="2026-09-22T11:26:18 IST" duration-ms="2824" status="PASS">
          <reporter-output>
          </reporter-output>
        </test-method> <!-- verify_Contact_form -->
        <test-method is-config="true" signature="tearDown()[pri:0, instance:testCases.TC_ContactForm@a87f8ec]" started-at="2026-09-22T11:26:18 IST" name="tearDown" finished-at="2026-09-22T11:26:18 IST" duration-ms="315" status="PASS">
          <reporter-output>
          </reporter-output>
        </test-method> <!-- tearDown -->
      </class> <!-- testCases.TC_ContactForm -->
      <class name="testCases.TC_LoginTest">
        <test-method is-config="true" signature="setup(java.lang.String,java.lang.String)[pri:0, instance:testCases.TC_LoginTest@4f9a2c08]" started-at="2026-09-22T11:25:59 IST" name="setup" finished-at="2026-09-22T11:26:07 IST" duration-ms="7650" status="PASS">
          <params>
            <param index="0">
              <value>
                <![CDATA[window]]>
              </value>
            </param>
            <param index="1">
              <value>
                <![CDATA[chrome]]>
              </value>
            </param>
          </params>
          <reporter-output>
          </reporter-output>
        </test-method> <!-- setup -->
        <test-method signature="verify_login()[pri:0, instance:testCases.TC_LoginTest@4f9a2c08]" started-at="2026-09-22T11:26:07 IST" name="verify_login" finished-at="2026-09-22T11:26:11 IST" duration-ms="3985" status="PASS">
          <reporter-output>
          </reporter-output>
        </test-method> <!-- verify_login -->
        <test-method is-config="true" signature="tearDown()[pri:0, instance:testCases.TC_LoginTest@4f9a2c08]" started-at="2026-09-22T11:26:11 IST" name="tearDown" finished-at="2026-09-22T11:26:11 IST" duration-ms="315" status="PASS">
          <reporter-output>
          </reporter-output>
        </test-method> <!-- tearDown -->
      </class> <!-- testCases.TC_LoginTest -->
      <class name="testCases.TC_003LoginDDT">
        <test-method is-config="true" signature="setup(java.lang.String,java.lang.String)[pri:0, instance:testCases.TC_003LoginDDT@19835e64]" started-at="2026-09-22T11:25:00 IST" name="setup" finished-at="2026-09-22T11:25:13 IST" duration-ms="13366" status="PASS">
          <params>
            <param index="0">
              <value>
                <![CDATA[window]]>
              </value>
            </param>
            <param index="1">
              <value>
                <![CDATA[chrome]]>
              </value>
            </param>
          </params>
          <reporter-output>
          </reporter-output>
        </test-method> <!-- setup -->
        <test-method signature="verify_loginDDT(java.lang.String,java.lang.String,java.lang.String)[pri:0, instance:testCases.TC_003LoginDDT@19835e64]" started-at="2026-09-22T11:25:15 IST" name="verify_loginDDT" data-provider="LoginData" finished-at="2026-09-22T11:25:21 IST" duration-ms="5094" status="PASS">
          <params>
            <param index="0">
              <value>
                <![CDATA[nazishalone30@gmail.com]]>
              </value>
            </param>
            <param index="1">
              <value>
                <![CDATA[nazish676]]>
              </value>
            </param>
            <param index="2">
              <value>
                <![CDATA[valid]]>
              </value>
            </param>
          </params>
          <reporter-output>
          </reporter-output>
        </test-method> <!-- verify_loginDDT -->
        <test-method signature="verify_loginDDT(java.lang.String,java.lang.String,java.lang.String)[pri:0, instance:testCases.TC_003LoginDDT@19835e64]" started-at="2026-09-22T11:25:21 IST" name="verify_loginDDT" data-provider="LoginData" finished-at="2026-09-22T11:25:33 IST" duration-ms="12589" status="PASS">
          <params>
            <param index="0">
              <value>
                <![CDATA[adc@gmail.com]]>
              </value>
            </param>
            <param index="1">
              <value>
                <![CDATA[tes454]]>
              </value>
            </param>
            <param index="2">
              <value>
                <![CDATA[Invalid]]>
              </value>
            </param>
          </params>
          <reporter-output>
          </reporter-output>
        </test-method> <!-- verify_loginDDT -->
        <test-method signature="verify_loginDDT(java.lang.String,java.lang.String,java.lang.String)[pri:0, instance:testCases.TC_003LoginDDT@19835e64]" started-at="2026-09-22T11:25:33 IST" name="verify_loginDDT" data-provider="LoginData" finished-at="2026-09-22T11:25:44 IST" duration-ms="11036" status="PASS">
          <params>
            <param index="0">
              <value>
                <![CDATA[ert@gmail.com]]>
              </value>
            </param>
            <param index="1">
              <value>
                <![CDATA[oi78]]>
              </value>
            </param>
            <param index="2">
              <value>
                <![CDATA[Invalid]]>
              </value>
            </param>
          </params>
          <reporter-output>
          </reporter-output>
        </test-method> <!-- verify_loginDDT -->
        <test-method signature="verify_loginDDT(java.lang.String,java.lang.String,java.lang.String)[pri:0, instance:testCases.TC_003LoginDDT@19835e64]" started-at="2026-09-22T11:25:44 IST" name="verify_loginDDT" data-provider="LoginData" finished-at="2026-09-22T11:25:55 IST" duration-ms="11221" status="PASS">
          <params>
            <param index="0">
              <value>
                <![CDATA[calio@gmail.com]]>
              </value>
            </param>
            <param index="1">
              <value>
                <![CDATA[ytr45]]>
              </value>
            </param>
            <param index="2">
              <value>
                <![CDATA[Invalid]]>
              </value>
            </param>
          </params>
          <reporter-output>
          </reporter-output>
        </test-method> <!-- verify_loginDDT -->
        <test-method signature="verify_loginDDT(java.lang.String,java.lang.String,java.lang.String)[pri:0, instance:testCases.TC_003LoginDDT@19835e64]" started-at="2026-09-22T11:25:55 IST" name="verify_loginDDT" data-provider="LoginData" finished-at="2026-09-22T11:25:58 IST" duration-ms="2883" status="PASS">
          <params>
            <param index="0">
              <value>
                <![CDATA[nazishalone30@gmail.com]]>
              </value>
            </param>
            <param index="1">
              <value>
                <![CDATA[nazish676]]>
              </value>
            </param>
            <param index="2">
              <value>
                <![CDATA[valid]]>
              </value>
            </param>
          </params>
          <reporter-output>
          </reporter-output>
        </test-method> <!-- verify_loginDDT -->
        <test-method is-config="true" signature="tearDown()[pri:0, instance:testCases.TC_003LoginDDT@19835e64]" started-at="2026-09-22T11:25:58 IST" name="tearDown" finished-at="2026-09-22T11:25:59 IST" duration-ms="1115" status="PASS">
          <reporter-output>
          </reporter-output>
        </test-method> <!-- tearDown -->
      </class> <!-- testCases.TC_003LoginDDT -->
    </test> <!-- Test -->
  </suite> <!-- Master Suite -->
</testng-results>
