<?xml version="1.0" encoding="UTF-8"?>
<!-- Generated by org.testng.reporters.JUnitXMLReporter -->
<testsuite ignored="0" hostname="Nazish" failures="0" tests="2" name="chrometest(failed)" time="1.94" errors="0" timestamp="2026-09-21T12:00:38 IST">
  <testcase classname="testCases.TC_Account_page" name="myaccount" time="0.0">
    <skipped/>
  </testcase> <!-- myaccount -->
  <testcase classname="testCases.TC_LoginTest" name="verify_login" time="0.0">
    <skipped/>
  </testcase> <!-- verify_login -->
</testsuite> <!-- chrometest(failed) -->
