<?xml version="1.0" encoding="UTF-8"?>
<!-- Generated by org.testng.reporters.JUnitReportReporter -->
<testsuite hostname="Nazish" failures="0" tests="5" name="testCases.TC_003LoginDDT" time="42.823" errors="0" timestamp="2026-09-22T11:26:19 IST" skipped="0">
  <testcase classname="testCases.TC_003LoginDDT" name="verify_loginDDT" time="12.589"/>
  <testcase classname="testCases.TC_003LoginDDT" name="verify_loginDDT" time="11.036"/>
  <testcase classname="testCases.TC_003LoginDDT" name="verify_loginDDT" time="2.883"/>
  <testcase classname="testCases.TC_003LoginDDT" name="verify_loginDDT" time="11.221"/>
  <testcase classname="testCases.TC_003LoginDDT" name="verify_loginDDT" time="5.094"/>
</testsuite> <!-- testCases.TC_003LoginDDT -->
