<?xml version="1.0" encoding="UTF-8"?>
<!-- Generated by org.testng.reporters.JUnitReportReporter -->
<testsuite hostname="Nazish" failures="0" tests="3" name="testCases.Account_page" time="41.484" errors="0" timestamp="2026-06-18T22:53:21 IST" skipped="0">
  <testcase classname="testCases.Account_page" name="myaccount" time="14.917"/>
  <testcase classname="testCases.Account_page" name="myaccount" time="14.785"/>
  <testcase classname="testCases.Account_page" name="myaccount" time="11.782"/>
</testsuite> <!-- testCases.Account_page -->
