<?xml version="1.0" encoding="UTF-8"?>
<!-- Generated by org.testng.reporters.JUnitReportReporter -->
<testsuite hostname="Nazish" failures="0" tests="5" name="testCases.TC_003LoginDDT" time="44.708" errors="0" timestamp="2026-09-22T11:53:01 IST" skipped="0">
  <testcase classname="testCases.TC_003LoginDDT" name="verify_loginDDT" time="5.581"/>
  <testcase classname="testCases.TC_003LoginDDT" name="verify_loginDDT" time="3.083"/>
  <testcase classname="testCases.TC_003LoginDDT" name="verify_loginDDT" time="12.277"/>
  <testcase classname="testCases.TC_003LoginDDT" name="verify_loginDDT" time="11.762"/>
  <testcase classname="testCases.TC_003LoginDDT" name="verify_loginDDT" time="12.005"/>
</testsuite> <!-- testCases.TC_003LoginDDT -->
